<?xml version="1.0" encoding="UTF-8"?>
<!-- Generated by org.testng.reporters.JUnitReportReporter -->
<testsuite hostname="ASUS" failures="0" tests="5" name="com.script.Enable" time="0.018" errors="0" timestamp="2025-11-18T19:20:06 IST" skipped="2">
  <testcase classname="com.script.Enable" name="f5" time="0.002"/>
  <testcase classname="com.script.Enable" name="f1" time="0.014"/>
  <testcase classname="com.script.Enable" name="f4" time="0.002"/>
  <testcase classname="com.script.Enable" name="f2">
    <skipped/>
  </testcase> <!-- f2 -->
  <testcase classname="com.script.Enable" name="f3">
    <skipped/>
  </testcase> <!-- f3 -->
</testsuite> <!-- com.script.Enable -->
