<?xml version="1.0" encoding="UTF-8"?>
<!-- Generated by org.testng.reporters.JUnitReportReporter -->
<testsuite hostname="ASUS" failures="0" tests="5" name="com.script.Priority" time="0.022" errors="0" timestamp="2025-11-18T19:05:36 IST" skipped="0">
  <testcase classname="com.script.Priority" name="f3" time="0.005"/>
  <testcase classname="com.script.Priority" name="f1" time="0.004"/>
  <testcase classname="com.script.Priority" name="f5" time="0.004"/>
  <testcase classname="com.script.Priority" name="f2" time="0.005"/>
  <testcase classname="com.script.Priority" name="f4" time="0.004"/>
</testsuite> <!-- com.script.Priority -->
