<?xml version="1.0" encoding="UTF-8"?>
<!-- Generated by org.testng.reporters.JUnitReportReporter -->
<testsuite hostname="ASUS" failures="0" tests="4" name="com.script.Demo01" time="0.008" errors="0" timestamp="2025-11-18T19:05:36 IST" skipped="0">
  <testcase classname="com.script.Demo01" name="launch" time="0.001"/>
  <testcase classname="com.script.Demo01" name="getTitle" time="0.003"/>
  <testcase classname="com.script.Demo01" name="login" time="0.003"/>
  <testcase classname="com.script.Demo01" name="sendData" time="0.001"/>
</testsuite> <!-- com.script.Demo01 -->
