<?xml version="1.0" encoding="UTF-8"?>
<!-- Generated by org.testng.reporters.JUnitXMLReporter -->
<testsuite ignored="0" hostname="ASUS" failures="0" tests="13" name="Retesting" time="0.174" errors="0" timestamp="2025-11-18T19:05:35 IST">
  <testcase classname="com.script.Beforclass" name="login" time="0.008"/>
  <testcase classname="com.script.Beforclass" name="sendData" time="0.002"/>
  <testcase classname="com.script.Priority" name="f3" time="0.004"/>
  <testcase classname="com.script.Priority" name="f1" time="0.003"/>
  <testcase classname="com.script.Priority" name="f5" time="0.004"/>
  <testcase classname="com.script.Priority" name="f2" time="0.003"/>
  <testcase classname="com.script.Priority" name="f4" time="0.003"/>
  <testcase classname="com.script.Demo01" name="getTitle" time="0.003"/>
  <testcase classname="com.script.Demo01" name="launch" time="0.001"/>
  <testcase classname="com.script.Demo01" name="login" time="0.003"/>
  <testcase classname="com.script.Demo01" name="sendData" time="0.001"/>
  <testcase classname="com.script.Demo02" name="login" time="0.002"/>
  <testcase classname="com.script.Demo02" name="sendData" time="0.003"/>
</testsuite> <!-- Retesting -->
