<?xml version="1.0" encoding="UTF-8"?>
<testng-results ignored="0" total="1" passed="1" failed="0" skipped="0">
  <reporter-output>
  </reporter-output>
  <suite started-at="2025-11-23T16:03:38 IST" name="Default suite" finished-at="2025-11-23T16:03:41 IST" duration-ms="3090">
    <groups>
    </groups>
    <test started-at="2025-11-23T16:03:38 IST" name="Default test" finished-at="2025-11-23T16:03:41 IST" duration-ms="3090">
      <class name="com.scripts.DataProviderInEx">
        <test-method signature="data_provider()[pri:0, instance:com.scripts.DataProviderInEx@6a03bcb1]" started-at="2025-11-23T16:03:38 IST" name="data_provider" finished-at="2025-11-23T16:03:41 IST" duration-ms="2937" status="PASS">
          <reporter-output>
          </reporter-output>
        </test-method> <!-- data_provider -->
      </class> <!-- com.scripts.DataProviderInEx -->
    </test> <!-- Default test -->
  </suite> <!-- Default suite -->
</testng-results>
