<?xml version="1.0" encoding="UTF-8"?>
<testng-results ignored="0" total="2" passed="2" failed="0" skipped="0">
  <reporter-output>
  </reporter-output>
  <suite started-at="2025-11-17T22:56:53 IST" name="Default suite" finished-at="2025-11-17T22:56:53 IST" duration-ms="53">
    <groups>
    </groups>
    <test started-at="2025-11-17T22:56:53 IST" name="Default test" finished-at="2025-11-17T22:56:53 IST" duration-ms="53">
      <class name="com.script.Demo02">
        <test-method is-config="true" signature="launch()[pri:0, instance:com.script.Demo02@23348b5d]" started-at="2025-11-17T22:56:53 IST" name="launch" finished-at="2025-11-17T22:56:53 IST" duration-ms="5" status="PASS">
          <reporter-output>
          </reporter-output>
        </test-method> <!-- launch -->
        <test-method signature="login()[pri:0, instance:com.script.Demo02@23348b5d]" started-at="2025-11-17T22:56:53 IST" name="login" finished-at="2025-11-17T22:56:53 IST" duration-ms="7" status="PASS">
          <reporter-output>
          </reporter-output>
        </test-method> <!-- login -->
        <test-method is-config="true" signature="getTitle()[pri:0, instance:com.script.Demo02@23348b5d]" started-at="2025-11-17T22:56:53 IST" name="getTitle" finished-at="2025-11-17T22:56:53 IST" duration-ms="0" status="PASS">
          <reporter-output>
          </reporter-output>
        </test-method> <!-- getTitle -->
        <test-method signature="sendData()[pri:0, instance:com.script.Demo02@23348b5d]" started-at="2025-11-17T22:56:53 IST" name="sendData" finished-at="2025-11-17T22:56:53 IST" duration-ms="1" status="PASS">
          <reporter-output>
          </reporter-output>
        </test-method> <!-- sendData -->
        <test-method is-config="true" signature="launch()[pri:0, instance:com.script.Demo02@23348b5d]" started-at="2025-11-17T22:56:53 IST" name="launch" finished-at="2025-11-17T22:56:53 IST" duration-ms="0" status="PASS">
          <reporter-output>
          </reporter-output>
        </test-method> <!-- launch -->
        <test-method is-config="true" signature="getTitle()[pri:0, instance:com.script.Demo02@23348b5d]" started-at="2025-11-17T22:56:53 IST" name="getTitle" finished-at="2025-11-17T22:56:53 IST" duration-ms="0" status="PASS">
          <reporter-output>
          </reporter-output>
        </test-method> <!-- getTitle -->
      </class> <!-- com.script.Demo02 -->
    </test> <!-- Default test -->
  </suite> <!-- Default suite -->
</testng-results>
